<?xml version="1.0" encoding="UTF-8"?>
<!-- Generated by org.testng.reporters.JUnitXMLReporter -->
<testsuite hostname="DavidBala" name="Default test" tests="2" failures="0" timestamp="7 Feb 2020 11:50:43 GMT" time="55.424" errors="0">
  <testcase name="runScenario" time="34.647" classname="feature.Runner">
    <skipped/>
  </testcase> <!-- runScenario -->
  <testcase name="runScenario" time="20.347" classname="feature.Runner">
    <skipped/>
  </testcase> <!-- runScenario -->
</testsuite> <!-- Default test -->
